GAS LISTING C:\Users\longc\AppData\Local\Temp/cczSFB74.s 			page 1


   1               		.file	"LineDemo.c"
   2               	__SREG__ = 0x3f
   3               	__SP_H__ = 0x3e
   4               	__SP_L__ = 0x3d
   5               	__CCP__  = 0x34
   6               	__tmp_reg__ = 0
   7               	__zero_reg__ = 1
   8               		.section	.debug_abbrev,"",@progbits
   9               	.Ldebug_abbrev0:
  10               		.section	.debug_info,"",@progbits
  11               	.Ldebug_info0:
  12               		.section	.debug_line,"",@progbits
  13               	.Ldebug_line0:
  14               		.text
  15               	.Ltext0:
  16               	.global	LineLeft
  17               		.type	LineLeft, @function
  18               	LineLeft:
  19               	.LFB2:
  20               	.LM1:
  21               	/* prologue: function */
  22               	/* frame size = 0 */
  23               	.LM2:
  24 0000 8091 0000 		lds r24,speedLeft
  25 0004 9091 0000 		lds r25,(speedLeft)+1
  26 0008 0196      		adiw r24,1
  27 000a 9093 0000 		sts (speedLeft)+1,r25
  28 000e 8093 0000 		sts speedLeft,r24
  29               	.LM3:
  30 0012 8F3F      		cpi r24,255
  31 0014 9105      		cpc r25,__zero_reg__
  32 0016 04F0      		brlt .L3
  33 0018 8FEF      		ldi r24,lo8(255)
  34 001a 90E0      		ldi r25,hi8(255)
  35 001c 9093 0000 		sts (speedLeft)+1,r25
  36 0020 8093 0000 		sts speedLeft,r24
  37               	.L3:
  38 0024 0895      		ret
  39               	.LFE2:
  40               		.size	LineLeft, .-LineLeft
  41               	.global	LineRight
  42               		.type	LineRight, @function
  43               	LineRight:
  44               	.LFB3:
  45               	.LM4:
  46               	/* prologue: function */
  47               	/* frame size = 0 */
  48               	.LM5:
  49 0026 8091 0000 		lds r24,speedRight
  50 002a 9091 0000 		lds r25,(speedRight)+1
  51 002e 0196      		adiw r24,1
  52 0030 9093 0000 		sts (speedRight)+1,r25
  53 0034 8093 0000 		sts speedRight,r24
  54               	.LM6:
  55 0038 8F3F      		cpi r24,255
  56 003a 9105      		cpc r25,__zero_reg__
  57 003c 04F0      		brlt .L6
GAS LISTING C:\Users\longc\AppData\Local\Temp/cczSFB74.s 			page 2


  58 003e 8FEF      		ldi r24,lo8(255)
  59 0040 90E0      		ldi r25,hi8(255)
  60 0042 9093 0000 		sts (speedRight)+1,r25
  61 0046 8093 0000 		sts speedRight,r24
  62               	.L6:
  63 004a 0895      		ret
  64               	.LFE3:
  65               		.size	LineRight, .-LineRight
  66               		.data
  67               	.LC0:
  68 0000 4C69 6E65 		.string	"LineDemo\r\n"
  68      4465 6D6F 
  68      0D0A 00
  69               		.text
  70               	.global	LineDemo
  71               		.type	LineDemo, @function
  72               	LineDemo:
  73               	.LFB4:
  74               	.LM7:
  75 004c 0F93      		push r16
  76 004e 1F93      		push r17
  77 0050 CF93      		push r28
  78 0052 DF93      		push r29
  79               	/* prologue: function */
  80               	/* frame size = 0 */
  81               	.LM8:
  82 0054 00D0      		rcall Init
  83               	.LM9:
  84 0056 80E0      		ldi r24,lo8(.LC0)
  85 0058 90E0      		ldi r25,hi8(.LC0)
  86 005a 00D0      		rcall SerPrint
  87               	.LM10:
  88 005c 81E0      		ldi r24,lo8(1)
  89 005e 00D0      		rcall FrontLED
  90 0060 10E0      		ldi r17,lo8(0)
  91               	.LVL0:
  92               	.L8:
  93               	.LM11:
  94 0062 80E0      		ldi r24,lo8(lineData)
  95 0064 90E0      		ldi r25,hi8(lineData)
  96 0066 00D0      		rcall LineData
  97 0068 1F5F      		subi r17,lo8(-(1))
  98 006a 1F3F      		cpi r17,lo8(-1)
  99 006c 01F4      		brne .L8
 100               	.LM12:
 101 006e 80E0      		ldi r24,lo8(lineData)
 102 0070 90E0      		ldi r25,hi8(lineData)
 103 0072 00D0      		rcall LineData
 104               	.LM13:
 105 0074 8091 0000 		lds r24,lineData
 106 0078 9091 0000 		lds r25,(lineData)+1
 107 007c 2091 0000 		lds r18,lineData+2
 108 0080 3091 0000 		lds r19,(lineData+2)+1
 109 0084 821B      		sub r24,r18
 110 0086 930B      		sbc r25,r19
 111 0088 9093 0000 		sts (ADOffset)+1,r25
 112 008c 8093 0000 		sts ADOffset,r24
GAS LISTING C:\Users\longc\AppData\Local\Temp/cczSFB74.s 			page 3


 113               	.LM14:
 114 0090 8FE8      		ldi r24,lo8(143)
 115 0092 90E0      		ldi r25,hi8(143)
 116 0094 9093 0000 		sts (speedRight)+1,r25
 117 0098 8093 0000 		sts speedRight,r24
 118 009c 9093 0000 		sts (speedLeft)+1,r25
 119 00a0 8093 0000 		sts speedLeft,r24
 120               	.LM15:
 121 00a4 0FE8      		ldi r16,lo8(143)
 122 00a6 10E0      		ldi r17,hi8(143)
 123               	.LBB6:
 124               	.LBB7:
 125               	.LM16:
 126 00a8 CFEF      		ldi r28,lo8(255)
 127 00aa D0E0      		ldi r29,hi8(255)
 128               	.L12:
 129               	.LBE7:
 130               	.LBE6:
 131               	.LM17:
 132 00ac 80E0      		ldi r24,lo8(lineData)
 133 00ae 90E0      		ldi r25,hi8(lineData)
 134 00b0 00D0      		rcall LineData
 135               	.LM18:
 136 00b2 2091 0000 		lds r18,lineData
 137 00b6 3091 0000 		lds r19,(lineData)+1
 138               	.LVL1:
 139 00ba 8091 0000 		lds r24,lineData+2
 140 00be 9091 0000 		lds r25,(lineData+2)+1
 141 00c2 281B      		sub r18,r24
 142 00c4 390B      		sbc r19,r25
 143 00c6 8091 0000 		lds r24,ADOffset
 144 00ca 9091 0000 		lds r25,(ADOffset)+1
 145 00ce 281B      		sub r18,r24
 146 00d0 390B      		sbc r19,r25
 147               	.LM19:
 148 00d2 2530      		cpi r18,5
 149 00d4 3105      		cpc r19,__zero_reg__
 150 00d6 04F0      		brlt .L9
 151               	.LM20:
 152 00d8 81E0      		ldi r24,lo8(1)
 153 00da 00D0      		rcall StatusLED
 154               	.LVL2:
 155               	.LBB9:
 156               	.LBB10:
 157               	.LM21:
 158 00dc 8091 0000 		lds r24,speedLeft
 159 00e0 9091 0000 		lds r25,(speedLeft)+1
 160 00e4 0196      		adiw r24,1
 161 00e6 9093 0000 		sts (speedLeft)+1,r25
 162 00ea 8093 0000 		sts speedLeft,r24
 163               	.LM22:
 164 00ee 8F3F      		cpi r24,255
 165 00f0 9105      		cpc r25,__zero_reg__
 166 00f2 04F0      		brlt .L10
 167 00f4 D093 0000 		sts (speedLeft)+1,r29
 168 00f8 C093 0000 		sts speedLeft,r28
 169 00fc 00C0      		rjmp .L10
GAS LISTING C:\Users\longc\AppData\Local\Temp/cczSFB74.s 			page 4


 170               	.LVL3:
 171               	.L9:
 172               	.LBE10:
 173               	.LBE9:
 174               	.LM23:
 175 00fe 2C5F      		subi r18,lo8(-4)
 176 0100 3F4F      		sbci r19,hi8(-4)
 177 0102 04F4      		brge .L11
 178               	.LM24:
 179 0104 82E0      		ldi r24,lo8(2)
 180 0106 00D0      		rcall StatusLED
 181               	.LVL4:
 182               	.LBB11:
 183               	.LBB8:
 184               	.LM25:
 185 0108 8091 0000 		lds r24,speedRight
 186 010c 9091 0000 		lds r25,(speedRight)+1
 187 0110 0196      		adiw r24,1
 188 0112 9093 0000 		sts (speedRight)+1,r25
 189 0116 8093 0000 		sts speedRight,r24
 190               	.LM26:
 191 011a 8F3F      		cpi r24,255
 192 011c 9105      		cpc r25,__zero_reg__
 193 011e 04F0      		brlt .L10
 194 0120 D093 0000 		sts (speedRight)+1,r29
 195 0124 C093 0000 		sts speedRight,r28
 196 0128 00C0      		rjmp .L10
 197               	.LVL5:
 198               	.L11:
 199               	.LBE8:
 200               	.LBE11:
 201               	.LM27:
 202 012a 80E0      		ldi r24,lo8(0)
 203 012c 00D0      		rcall StatusLED
 204               	.LVL6:
 205               	.LM28:
 206 012e 1093 0000 		sts (speedRight)+1,r17
 207 0132 0093 0000 		sts speedRight,r16
 208 0136 1093 0000 		sts (speedLeft)+1,r17
 209 013a 0093 0000 		sts speedLeft,r16
 210               	.L10:
 211               	.LM29:
 212 013e 8091 0000 		lds r24,speedLeft
 213 0142 6091 0000 		lds r22,speedRight
 214 0146 00D0      		rcall MotorSpeed
 215               	.LM30:
 216 0148 00D0      		rcall PollSwitch
 217 014a 8823      		tst r24
 218 014c 01F4      		brne .+2
 219 014e 00C0      		rjmp .L12
 220               	/* epilogue start */
 221               	.LM31:
 222 0150 DF91      		pop r29
 223 0152 CF91      		pop r28
 224 0154 1F91      		pop r17
 225               	.LVL7:
 226 0156 0F91      		pop r16
GAS LISTING C:\Users\longc\AppData\Local\Temp/cczSFB74.s 			page 5


 227 0158 0895      		ret
 228               	.LFE4:
 229               		.size	LineDemo, .-LineDemo
 230               		.comm speedLeft,2,1
 231               		.comm speedRight,2,1
 232               		.comm lineData,4,1
 233               		.comm ADOffset,2,1
 234               		.section	.debug_frame,"",@progbits
 235               	.Lframe0:
 236 0000 0C00 0000 		.long	.LECIE0-.LSCIE0
 237               	.LSCIE0:
 238 0004 FFFF FFFF 		.long	0xffffffff
 239 0008 01        		.byte	0x1
 240 0009 00        		.string	""
 241 000a 01        		.uleb128 0x1
 242 000b 7F        		.sleb128 -1
 243 000c 24        		.byte	0x24
 244 000d 0C        		.byte	0xc
 245 000e 20        		.uleb128 0x20
 246 000f 00        		.uleb128 0x0
 247               		.p2align	2
 248               	.LECIE0:
 249               	.LSFDE0:
 250 0010 0C00 0000 		.long	.LEFDE0-.LASFDE0
 251               	.LASFDE0:
 252 0014 0000 0000 		.long	.Lframe0
 253 0018 0000 0000 		.long	.LFB2
 254 001c 2600 0000 		.long	.LFE2-.LFB2
 255               		.p2align	2
 256               	.LEFDE0:
 257               	.LSFDE2:
 258 0020 0C00 0000 		.long	.LEFDE2-.LASFDE2
 259               	.LASFDE2:
 260 0024 0000 0000 		.long	.Lframe0
 261 0028 0000 0000 		.long	.LFB3
 262 002c 2600 0000 		.long	.LFE3-.LFB3
 263               		.p2align	2
 264               	.LEFDE2:
 265               	.LSFDE4:
 266 0030 0C00 0000 		.long	.LEFDE4-.LASFDE4
 267               	.LASFDE4:
 268 0034 0000 0000 		.long	.Lframe0
 269 0038 0000 0000 		.long	.LFB4
 270 003c 0E01 0000 		.long	.LFE4-.LFB4
 271               		.p2align	2
 272               	.LEFDE4:
 273               		.text
 274               	.Letext0:
 275               		.section	.debug_loc,"",@progbits
 276               	.Ldebug_loc0:
 277               	.LLST3:
 278 0000 BA00 0000 		.long	.LVL1-.Ltext0
 279 0004 DC00 0000 		.long	.LVL2-.Ltext0
 280 0008 0600      		.word	0x6
 281 000a 62        		.byte	0x62
 282 000b 93        		.byte	0x93
 283 000c 01        		.uleb128 0x1
GAS LISTING C:\Users\longc\AppData\Local\Temp/cczSFB74.s 			page 6


 284 000d 63        		.byte	0x63
 285 000e 93        		.byte	0x93
 286 000f 01        		.uleb128 0x1
 287 0010 FE00 0000 		.long	.LVL3-.Ltext0
 288 0014 0801 0000 		.long	.LVL4-.Ltext0
 289 0018 0600      		.word	0x6
 290 001a 62        		.byte	0x62
 291 001b 93        		.byte	0x93
 292 001c 01        		.uleb128 0x1
 293 001d 63        		.byte	0x63
 294 001e 93        		.byte	0x93
 295 001f 01        		.uleb128 0x1
 296 0020 2A01 0000 		.long	.LVL5-.Ltext0
 297 0024 2E01 0000 		.long	.LVL6-.Ltext0
 298 0028 0600      		.word	0x6
 299 002a 62        		.byte	0x62
 300 002b 93        		.byte	0x93
 301 002c 01        		.uleb128 0x1
 302 002d 63        		.byte	0x63
 303 002e 93        		.byte	0x93
 304 002f 01        		.uleb128 0x1
 305 0030 0000 0000 		.long	0x0
 306 0034 0000 0000 		.long	0x0
 307               	.LLST4:
 308 0038 6200 0000 		.long	.LVL0-.Ltext0
 309 003c 5601 0000 		.long	.LVL7-.Ltext0
 310 0040 0100      		.word	0x1
 311 0042 61        		.byte	0x61
 312 0043 0000 0000 		.long	0x0
 313 0047 0000 0000 		.long	0x0
 314               		.section	.debug_info
 315 0000 3601 0000 		.long	0x136
 316 0004 0200      		.word	0x2
 317 0006 0000 0000 		.long	.Ldebug_abbrev0
 318 000a 04        		.byte	0x4
 319 000b 01        		.uleb128 0x1
 320 000c 0000 0000 		.long	.LASF13
 321 0010 01        		.byte	0x1
 322 0011 0000 0000 		.long	.LASF14
 323 0015 0000 0000 		.long	.LASF15
 324 0019 0000 0000 		.long	.Ltext0
 325 001d 0000 0000 		.long	.Letext0
 326 0021 0000 0000 		.long	.Ldebug_line0
 327 0025 02        		.uleb128 0x2
 328 0026 01        		.byte	0x1
 329 0027 06        		.byte	0x6
 330 0028 0000 0000 		.long	.LASF0
 331 002c 02        		.uleb128 0x2
 332 002d 01        		.byte	0x1
 333 002e 08        		.byte	0x8
 334 002f 0000 0000 		.long	.LASF1
 335 0033 03        		.uleb128 0x3
 336 0034 02        		.byte	0x2
 337 0035 05        		.byte	0x5
 338 0036 696E 7400 		.string	"int"
 339 003a 02        		.uleb128 0x2
 340 003b 02        		.byte	0x2
GAS LISTING C:\Users\longc\AppData\Local\Temp/cczSFB74.s 			page 7


 341 003c 07        		.byte	0x7
 342 003d 0000 0000 		.long	.LASF2
 343 0041 02        		.uleb128 0x2
 344 0042 04        		.byte	0x4
 345 0043 05        		.byte	0x5
 346 0044 0000 0000 		.long	.LASF3
 347 0048 02        		.uleb128 0x2
 348 0049 04        		.byte	0x4
 349 004a 07        		.byte	0x7
 350 004b 0000 0000 		.long	.LASF4
 351 004f 02        		.uleb128 0x2
 352 0050 08        		.byte	0x8
 353 0051 05        		.byte	0x5
 354 0052 0000 0000 		.long	.LASF5
 355 0056 02        		.uleb128 0x2
 356 0057 08        		.byte	0x8
 357 0058 07        		.byte	0x7
 358 0059 0000 0000 		.long	.LASF6
 359 005d 04        		.uleb128 0x4
 360 005e 01        		.byte	0x1
 361 005f 0000 0000 		.long	.LASF7
 362 0063 01        		.byte	0x1
 363 0064 1F        		.byte	0x1f
 364 0065 01        		.byte	0x1
 365 0066 01        		.byte	0x1
 366 0067 04        		.uleb128 0x4
 367 0068 01        		.byte	0x1
 368 0069 0000 0000 		.long	.LASF8
 369 006d 01        		.byte	0x1
 370 006e 25        		.byte	0x25
 371 006f 01        		.byte	0x1
 372 0070 01        		.byte	0x1
 373 0071 05        		.uleb128 0x5
 374 0072 5D00 0000 		.long	0x5d
 375 0076 0000 0000 		.long	.LFB2
 376 007a 0000 0000 		.long	.LFE2
 377 007e 02        		.byte	0x2
 378 007f 90        		.byte	0x90
 379 0080 20        		.uleb128 0x20
 380 0081 05        		.uleb128 0x5
 381 0082 6700 0000 		.long	0x67
 382 0086 0000 0000 		.long	.LFB3
 383 008a 0000 0000 		.long	.LFE3
 384 008e 02        		.byte	0x2
 385 008f 90        		.byte	0x90
 386 0090 20        		.uleb128 0x20
 387 0091 06        		.uleb128 0x6
 388 0092 01        		.byte	0x1
 389 0093 0000 0000 		.long	.LASF16
 390 0097 01        		.byte	0x1
 391 0098 2B        		.byte	0x2b
 392 0099 01        		.byte	0x1
 393 009a 0000 0000 		.long	.LFB4
 394 009e 0000 0000 		.long	.LFE4
 395 00a2 02        		.byte	0x2
 396 00a3 90        		.byte	0x90
 397 00a4 20        		.uleb128 0x20
GAS LISTING C:\Users\longc\AppData\Local\Temp/cczSFB74.s 			page 8


 398 00a5 DE00 0000 		.long	0xde
 399 00a9 07        		.uleb128 0x7
 400 00aa 6900      		.string	"i"
 401 00ac 01        		.byte	0x1
 402 00ad 2C        		.byte	0x2c
 403 00ae 3300 0000 		.long	0x33
 404 00b2 0000 0000 		.long	.LLST3
 405 00b6 07        		.uleb128 0x7
 406 00b7 6A00      		.string	"j"
 407 00b9 01        		.byte	0x1
 408 00ba 2D        		.byte	0x2d
 409 00bb 2C00 0000 		.long	0x2c
 410 00bf 0000 0000 		.long	.LLST4
 411 00c3 08        		.uleb128 0x8
 412 00c4 6700 0000 		.long	0x67
 413 00c8 0000 0000 		.long	.Ldebug_ranges0+0x0
 414 00cc 01        		.byte	0x1
 415 00cd 43        		.byte	0x43
 416 00ce 09        		.uleb128 0x9
 417 00cf 5D00 0000 		.long	0x5d
 418 00d3 0000 0000 		.long	.LBB9
 419 00d7 0000 0000 		.long	.LBE9
 420 00db 01        		.byte	0x1
 421 00dc 3E        		.byte	0x3e
 422 00dd 00        		.byte	0x0
 423 00de 0A        		.uleb128 0xa
 424 00df 0000 0000 		.long	.LASF9
 425 00e3 01        		.byte	0x1
 426 00e4 1A        		.byte	0x1a
 427 00e5 3300 0000 		.long	0x33
 428 00e9 01        		.byte	0x1
 429 00ea 05        		.byte	0x5
 430 00eb 03        		.byte	0x3
 431 00ec 0000 0000 		.long	speedLeft
 432 00f0 0A        		.uleb128 0xa
 433 00f1 0000 0000 		.long	.LASF10
 434 00f5 01        		.byte	0x1
 435 00f6 1A        		.byte	0x1a
 436 00f7 3300 0000 		.long	0x33
 437 00fb 01        		.byte	0x1
 438 00fc 05        		.byte	0x5
 439 00fd 03        		.byte	0x3
 440 00fe 0000 0000 		.long	speedRight
 441 0102 0B        		.uleb128 0xb
 442 0103 3A00 0000 		.long	0x3a
 443 0107 1201 0000 		.long	0x112
 444 010b 0C        		.uleb128 0xc
 445 010c 1201 0000 		.long	0x112
 446 0110 01        		.byte	0x1
 447 0111 00        		.byte	0x0
 448 0112 0D        		.uleb128 0xd
 449 0113 02        		.byte	0x2
 450 0114 07        		.byte	0x7
 451 0115 0A        		.uleb128 0xa
 452 0116 0000 0000 		.long	.LASF11
 453 011a 01        		.byte	0x1
 454 011b 1B        		.byte	0x1b
GAS LISTING C:\Users\longc\AppData\Local\Temp/cczSFB74.s 			page 9


 455 011c 0201 0000 		.long	0x102
 456 0120 01        		.byte	0x1
 457 0121 05        		.byte	0x5
 458 0122 03        		.byte	0x3
 459 0123 0000 0000 		.long	lineData
 460 0127 0A        		.uleb128 0xa
 461 0128 0000 0000 		.long	.LASF12
 462 012c 01        		.byte	0x1
 463 012d 1C        		.byte	0x1c
 464 012e 3300 0000 		.long	0x33
 465 0132 01        		.byte	0x1
 466 0133 05        		.byte	0x5
 467 0134 03        		.byte	0x3
 468 0135 0000 0000 		.long	ADOffset
 469 0139 00        		.byte	0x0
 470               		.section	.debug_abbrev
 471 0000 01        		.uleb128 0x1
 472 0001 11        		.uleb128 0x11
 473 0002 01        		.byte	0x1
 474 0003 25        		.uleb128 0x25
 475 0004 0E        		.uleb128 0xe
 476 0005 13        		.uleb128 0x13
 477 0006 0B        		.uleb128 0xb
 478 0007 03        		.uleb128 0x3
 479 0008 0E        		.uleb128 0xe
 480 0009 1B        		.uleb128 0x1b
 481 000a 0E        		.uleb128 0xe
 482 000b 11        		.uleb128 0x11
 483 000c 01        		.uleb128 0x1
 484 000d 12        		.uleb128 0x12
 485 000e 01        		.uleb128 0x1
 486 000f 10        		.uleb128 0x10
 487 0010 06        		.uleb128 0x6
 488 0011 00        		.byte	0x0
 489 0012 00        		.byte	0x0
 490 0013 02        		.uleb128 0x2
 491 0014 24        		.uleb128 0x24
 492 0015 00        		.byte	0x0
 493 0016 0B        		.uleb128 0xb
 494 0017 0B        		.uleb128 0xb
 495 0018 3E        		.uleb128 0x3e
 496 0019 0B        		.uleb128 0xb
 497 001a 03        		.uleb128 0x3
 498 001b 0E        		.uleb128 0xe
 499 001c 00        		.byte	0x0
 500 001d 00        		.byte	0x0
 501 001e 03        		.uleb128 0x3
 502 001f 24        		.uleb128 0x24
 503 0020 00        		.byte	0x0
 504 0021 0B        		.uleb128 0xb
 505 0022 0B        		.uleb128 0xb
 506 0023 3E        		.uleb128 0x3e
 507 0024 0B        		.uleb128 0xb
 508 0025 03        		.uleb128 0x3
 509 0026 08        		.uleb128 0x8
 510 0027 00        		.byte	0x0
 511 0028 00        		.byte	0x0
GAS LISTING C:\Users\longc\AppData\Local\Temp/cczSFB74.s 			page 10


 512 0029 04        		.uleb128 0x4
 513 002a 2E        		.uleb128 0x2e
 514 002b 00        		.byte	0x0
 515 002c 3F        		.uleb128 0x3f
 516 002d 0C        		.uleb128 0xc
 517 002e 03        		.uleb128 0x3
 518 002f 0E        		.uleb128 0xe
 519 0030 3A        		.uleb128 0x3a
 520 0031 0B        		.uleb128 0xb
 521 0032 3B        		.uleb128 0x3b
 522 0033 0B        		.uleb128 0xb
 523 0034 27        		.uleb128 0x27
 524 0035 0C        		.uleb128 0xc
 525 0036 20        		.uleb128 0x20
 526 0037 0B        		.uleb128 0xb
 527 0038 00        		.byte	0x0
 528 0039 00        		.byte	0x0
 529 003a 05        		.uleb128 0x5
 530 003b 2E        		.uleb128 0x2e
 531 003c 00        		.byte	0x0
 532 003d 31        		.uleb128 0x31
 533 003e 13        		.uleb128 0x13
 534 003f 11        		.uleb128 0x11
 535 0040 01        		.uleb128 0x1
 536 0041 12        		.uleb128 0x12
 537 0042 01        		.uleb128 0x1
 538 0043 40        		.uleb128 0x40
 539 0044 0A        		.uleb128 0xa
 540 0045 00        		.byte	0x0
 541 0046 00        		.byte	0x0
 542 0047 06        		.uleb128 0x6
 543 0048 2E        		.uleb128 0x2e
 544 0049 01        		.byte	0x1
 545 004a 3F        		.uleb128 0x3f
 546 004b 0C        		.uleb128 0xc
 547 004c 03        		.uleb128 0x3
 548 004d 0E        		.uleb128 0xe
 549 004e 3A        		.uleb128 0x3a
 550 004f 0B        		.uleb128 0xb
 551 0050 3B        		.uleb128 0x3b
 552 0051 0B        		.uleb128 0xb
 553 0052 27        		.uleb128 0x27
 554 0053 0C        		.uleb128 0xc
 555 0054 11        		.uleb128 0x11
 556 0055 01        		.uleb128 0x1
 557 0056 12        		.uleb128 0x12
 558 0057 01        		.uleb128 0x1
 559 0058 40        		.uleb128 0x40
 560 0059 0A        		.uleb128 0xa
 561 005a 01        		.uleb128 0x1
 562 005b 13        		.uleb128 0x13
 563 005c 00        		.byte	0x0
 564 005d 00        		.byte	0x0
 565 005e 07        		.uleb128 0x7
 566 005f 34        		.uleb128 0x34
 567 0060 00        		.byte	0x0
 568 0061 03        		.uleb128 0x3
GAS LISTING C:\Users\longc\AppData\Local\Temp/cczSFB74.s 			page 11


 569 0062 08        		.uleb128 0x8
 570 0063 3A        		.uleb128 0x3a
 571 0064 0B        		.uleb128 0xb
 572 0065 3B        		.uleb128 0x3b
 573 0066 0B        		.uleb128 0xb
 574 0067 49        		.uleb128 0x49
 575 0068 13        		.uleb128 0x13
 576 0069 02        		.uleb128 0x2
 577 006a 06        		.uleb128 0x6
 578 006b 00        		.byte	0x0
 579 006c 00        		.byte	0x0
 580 006d 08        		.uleb128 0x8
 581 006e 1D        		.uleb128 0x1d
 582 006f 00        		.byte	0x0
 583 0070 31        		.uleb128 0x31
 584 0071 13        		.uleb128 0x13
 585 0072 55        		.uleb128 0x55
 586 0073 06        		.uleb128 0x6
 587 0074 58        		.uleb128 0x58
 588 0075 0B        		.uleb128 0xb
 589 0076 59        		.uleb128 0x59
 590 0077 0B        		.uleb128 0xb
 591 0078 00        		.byte	0x0
 592 0079 00        		.byte	0x0
 593 007a 09        		.uleb128 0x9
 594 007b 1D        		.uleb128 0x1d
 595 007c 00        		.byte	0x0
 596 007d 31        		.uleb128 0x31
 597 007e 13        		.uleb128 0x13
 598 007f 11        		.uleb128 0x11
 599 0080 01        		.uleb128 0x1
 600 0081 12        		.uleb128 0x12
 601 0082 01        		.uleb128 0x1
 602 0083 58        		.uleb128 0x58
 603 0084 0B        		.uleb128 0xb
 604 0085 59        		.uleb128 0x59
 605 0086 0B        		.uleb128 0xb
 606 0087 00        		.byte	0x0
 607 0088 00        		.byte	0x0
 608 0089 0A        		.uleb128 0xa
 609 008a 34        		.uleb128 0x34
 610 008b 00        		.byte	0x0
 611 008c 03        		.uleb128 0x3
 612 008d 0E        		.uleb128 0xe
 613 008e 3A        		.uleb128 0x3a
 614 008f 0B        		.uleb128 0xb
 615 0090 3B        		.uleb128 0x3b
 616 0091 0B        		.uleb128 0xb
 617 0092 49        		.uleb128 0x49
 618 0093 13        		.uleb128 0x13
 619 0094 3F        		.uleb128 0x3f
 620 0095 0C        		.uleb128 0xc
 621 0096 02        		.uleb128 0x2
 622 0097 0A        		.uleb128 0xa
 623 0098 00        		.byte	0x0
 624 0099 00        		.byte	0x0
 625 009a 0B        		.uleb128 0xb
GAS LISTING C:\Users\longc\AppData\Local\Temp/cczSFB74.s 			page 12


 626 009b 01        		.uleb128 0x1
 627 009c 01        		.byte	0x1
 628 009d 49        		.uleb128 0x49
 629 009e 13        		.uleb128 0x13
 630 009f 01        		.uleb128 0x1
 631 00a0 13        		.uleb128 0x13
 632 00a1 00        		.byte	0x0
 633 00a2 00        		.byte	0x0
 634 00a3 0C        		.uleb128 0xc
 635 00a4 21        		.uleb128 0x21
 636 00a5 00        		.byte	0x0
 637 00a6 49        		.uleb128 0x49
 638 00a7 13        		.uleb128 0x13
 639 00a8 2F        		.uleb128 0x2f
 640 00a9 0B        		.uleb128 0xb
 641 00aa 00        		.byte	0x0
 642 00ab 00        		.byte	0x0
 643 00ac 0D        		.uleb128 0xd
 644 00ad 24        		.uleb128 0x24
 645 00ae 00        		.byte	0x0
 646 00af 0B        		.uleb128 0xb
 647 00b0 0B        		.uleb128 0xb
 648 00b1 3E        		.uleb128 0x3e
 649 00b2 0B        		.uleb128 0xb
 650 00b3 00        		.byte	0x0
 651 00b4 00        		.byte	0x0
 652 00b5 00        		.byte	0x0
 653               		.section	.debug_pubnames,"",@progbits
 654 0000 6D00 0000 		.long	0x6d
 655 0004 0200      		.word	0x2
 656 0006 0000 0000 		.long	.Ldebug_info0
 657 000a 3A01 0000 		.long	0x13a
 658 000e 7100 0000 		.long	0x71
 659 0012 4C69 6E65 		.string	"LineLeft"
 659      4C65 6674 
 659      00
 660 001b 8100 0000 		.long	0x81
 661 001f 4C69 6E65 		.string	"LineRight"
 661      5269 6768 
 661      7400 
 662 0029 9100 0000 		.long	0x91
 663 002d 4C69 6E65 		.string	"LineDemo"
 663      4465 6D6F 
 663      00
 664 0036 DE00 0000 		.long	0xde
 665 003a 7370 6565 		.string	"speedLeft"
 665      644C 6566 
 665      7400 
 666 0044 F000 0000 		.long	0xf0
 667 0048 7370 6565 		.string	"speedRight"
 667      6452 6967 
 667      6874 00
 668 0053 1501 0000 		.long	0x115
 669 0057 6C69 6E65 		.string	"lineData"
 669      4461 7461 
 669      00
 670 0060 2701 0000 		.long	0x127
GAS LISTING C:\Users\longc\AppData\Local\Temp/cczSFB74.s 			page 13


 671 0064 4144 4F66 		.string	"ADOffset"
 671      6673 6574 
 671      00
 672 006d 0000 0000 		.long	0x0
 673               		.section	.debug_aranges,"",@progbits
 674 0000 1C00 0000 		.long	0x1c
 675 0004 0200      		.word	0x2
 676 0006 0000 0000 		.long	.Ldebug_info0
 677 000a 04        		.byte	0x4
 678 000b 00        		.byte	0x0
 679 000c 0000      		.word	0x0
 680 000e 0000      		.word	0x0
 681 0010 0000 0000 		.long	.Ltext0
 682 0014 5A01 0000 		.long	.Letext0-.Ltext0
 683 0018 0000 0000 		.long	0x0
 684 001c 0000 0000 		.long	0x0
 685               		.section	.debug_ranges,"",@progbits
 686               	.Ldebug_ranges0:
 687 0000 A800 0000 		.long	.LBB6-.Ltext0
 688 0004 AC00 0000 		.long	.LBE6-.Ltext0
 689 0008 0801 0000 		.long	.LBB11-.Ltext0
 690 000c 2A01 0000 		.long	.LBE11-.Ltext0
 691 0010 0000 0000 		.long	0x0
 692 0014 0000 0000 		.long	0x0
 693               		.section	.debug_line
 694 0000 2C01 0000 		.long	.LELT0-.LSLT0
 695               	.LSLT0:
 696 0004 0200      		.word	0x2
 697 0006 1E00 0000 		.long	.LELTP0-.LASLTP0
 698               	.LASLTP0:
 699 000a 01        		.byte	0x1
 700 000b 01        		.byte	0x1
 701 000c F6        		.byte	0xf6
 702 000d F5        		.byte	0xf5
 703 000e 0A        		.byte	0xa
 704 000f 00        		.byte	0x0
 705 0010 01        		.byte	0x1
 706 0011 01        		.byte	0x1
 707 0012 01        		.byte	0x1
 708 0013 01        		.byte	0x1
 709 0014 00        		.byte	0x0
 710 0015 00        		.byte	0x0
 711 0016 00        		.byte	0x0
 712 0017 01        		.byte	0x1
 713 0018 00        		.byte	0x0
 714 0019 4C69 6E65 		.string	"LineDemo.c"
 714      4465 6D6F 
 714      2E63 00
 715 0024 00        		.uleb128 0x0
 716 0025 00        		.uleb128 0x0
 717 0026 00        		.uleb128 0x0
 718 0027 00        		.byte	0x0
 719               	.LELTP0:
 720 0028 00        		.byte	0x0
 721 0029 05        		.uleb128 0x5
 722 002a 02        		.byte	0x2
 723 002b 0000 0000 		.long	.LM1
GAS LISTING C:\Users\longc\AppData\Local\Temp/cczSFB74.s 			page 14


 724 002f 32        		.byte	0x32
 725 0030 00        		.byte	0x0
 726 0031 05        		.uleb128 0x5
 727 0032 02        		.byte	0x2
 728 0033 0000 0000 		.long	.LM2
 729 0037 15        		.byte	0x15
 730 0038 00        		.byte	0x0
 731 0039 05        		.uleb128 0x5
 732 003a 02        		.byte	0x2
 733 003b 0000 0000 		.long	.LM3
 734 003f 15        		.byte	0x15
 735 0040 00        		.byte	0x0
 736 0041 05        		.uleb128 0x5
 737 0042 02        		.byte	0x2
 738 0043 0000 0000 		.long	.LM4
 739 0047 18        		.byte	0x18
 740 0048 00        		.byte	0x0
 741 0049 05        		.uleb128 0x5
 742 004a 02        		.byte	0x2
 743 004b 0000 0000 		.long	.LM5
 744 004f 15        		.byte	0x15
 745 0050 00        		.byte	0x0
 746 0051 05        		.uleb128 0x5
 747 0052 02        		.byte	0x2
 748 0053 0000 0000 		.long	.LM6
 749 0057 15        		.byte	0x15
 750 0058 00        		.byte	0x0
 751 0059 05        		.uleb128 0x5
 752 005a 02        		.byte	0x2
 753 005b 0000 0000 		.long	.LM7
 754 005f 18        		.byte	0x18
 755 0060 00        		.byte	0x0
 756 0061 05        		.uleb128 0x5
 757 0062 02        		.byte	0x2
 758 0063 0000 0000 		.long	.LM8
 759 0067 18        		.byte	0x18
 760 0068 00        		.byte	0x0
 761 0069 05        		.uleb128 0x5
 762 006a 02        		.byte	0x2
 763 006b 0000 0000 		.long	.LM9
 764 006f 16        		.byte	0x16
 765 0070 00        		.byte	0x0
 766 0071 05        		.uleb128 0x5
 767 0072 02        		.byte	0x2
 768 0073 0000 0000 		.long	.LM10
 769 0077 15        		.byte	0x15
 770 0078 00        		.byte	0x0
 771 0079 05        		.uleb128 0x5
 772 007a 02        		.byte	0x2
 773 007b 0000 0000 		.long	.LM11
 774 007f 15        		.byte	0x15
 775 0080 00        		.byte	0x0
 776 0081 05        		.uleb128 0x5
 777 0082 02        		.byte	0x2
 778 0083 0000 0000 		.long	.LM12
 779 0087 15        		.byte	0x15
 780 0088 00        		.byte	0x0
GAS LISTING C:\Users\longc\AppData\Local\Temp/cczSFB74.s 			page 15


 781 0089 05        		.uleb128 0x5
 782 008a 02        		.byte	0x2
 783 008b 0000 0000 		.long	.LM13
 784 008f 15        		.byte	0x15
 785 0090 00        		.byte	0x0
 786 0091 05        		.uleb128 0x5
 787 0092 02        		.byte	0x2
 788 0093 0000 0000 		.long	.LM14
 789 0097 15        		.byte	0x15
 790 0098 00        		.byte	0x0
 791 0099 05        		.uleb128 0x5
 792 009a 02        		.byte	0x2
 793 009b 0000 0000 		.long	.LM15
 794 009f 26        		.byte	0x26
 795 00a0 00        		.byte	0x0
 796 00a1 05        		.uleb128 0x5
 797 00a2 02        		.byte	0x2
 798 00a3 0000 0000 		.long	.LM16
 799 00a7 03        		.byte	0x3
 800 00a8 5F        		.sleb128 -33
 801 00a9 01        		.byte	0x1
 802 00aa 00        		.byte	0x0
 803 00ab 05        		.uleb128 0x5
 804 00ac 02        		.byte	0x2
 805 00ad 0000 0000 		.long	.LM17
 806 00b1 26        		.byte	0x26
 807 00b2 00        		.byte	0x0
 808 00b3 05        		.uleb128 0x5
 809 00b4 02        		.byte	0x2
 810 00b5 0000 0000 		.long	.LM18
 811 00b9 15        		.byte	0x15
 812 00ba 00        		.byte	0x0
 813 00bb 05        		.uleb128 0x5
 814 00bc 02        		.byte	0x2
 815 00bd 0000 0000 		.long	.LM19
 816 00c1 15        		.byte	0x15
 817 00c2 00        		.byte	0x0
 818 00c3 05        		.uleb128 0x5
 819 00c4 02        		.byte	0x2
 820 00c5 0000 0000 		.long	.LM20
 821 00c9 16        		.byte	0x16
 822 00ca 00        		.byte	0x0
 823 00cb 05        		.uleb128 0x5
 824 00cc 02        		.byte	0x2
 825 00cd 0000 0000 		.long	.LM21
 826 00d1 03        		.byte	0x3
 827 00d2 63        		.sleb128 -29
 828 00d3 01        		.byte	0x1
 829 00d4 00        		.byte	0x0
 830 00d5 05        		.uleb128 0x5
 831 00d6 02        		.byte	0x2
 832 00d7 0000 0000 		.long	.LM22
 833 00db 15        		.byte	0x15
 834 00dc 00        		.byte	0x0
 835 00dd 05        		.uleb128 0x5
 836 00de 02        		.byte	0x2
 837 00df 0000 0000 		.long	.LM23
GAS LISTING C:\Users\longc\AppData\Local\Temp/cczSFB74.s 			page 16


 838 00e3 33        		.byte	0x33
 839 00e4 00        		.byte	0x0
 840 00e5 05        		.uleb128 0x5
 841 00e6 02        		.byte	0x2
 842 00e7 0000 0000 		.long	.LM24
 843 00eb 16        		.byte	0x16
 844 00ec 00        		.byte	0x0
 845 00ed 05        		.uleb128 0x5
 846 00ee 02        		.byte	0x2
 847 00ef 0000 0000 		.long	.LM25
 848 00f3 03        		.byte	0x3
 849 00f4 64        		.sleb128 -28
 850 00f5 01        		.byte	0x1
 851 00f6 00        		.byte	0x0
 852 00f7 05        		.uleb128 0x5
 853 00f8 02        		.byte	0x2
 854 00f9 0000 0000 		.long	.LM26
 855 00fd 15        		.byte	0x15
 856 00fe 00        		.byte	0x0
 857 00ff 05        		.uleb128 0x5
 858 0100 02        		.byte	0x2
 859 0101 0000 0000 		.long	.LM27
 860 0105 34        		.byte	0x34
 861 0106 00        		.byte	0x0
 862 0107 05        		.uleb128 0x5
 863 0108 02        		.byte	0x2
 864 0109 0000 0000 		.long	.LM28
 865 010d 15        		.byte	0x15
 866 010e 00        		.byte	0x0
 867 010f 05        		.uleb128 0x5
 868 0110 02        		.byte	0x2
 869 0111 0000 0000 		.long	.LM29
 870 0115 16        		.byte	0x16
 871 0116 00        		.byte	0x0
 872 0117 05        		.uleb128 0x5
 873 0118 02        		.byte	0x2
 874 0119 0000 0000 		.long	.LM30
 875 011d 15        		.byte	0x15
 876 011e 00        		.byte	0x0
 877 011f 05        		.uleb128 0x5
 878 0120 02        		.byte	0x2
 879 0121 0000 0000 		.long	.LM31
 880 0125 17        		.byte	0x17
 881 0126 00        		.byte	0x0
 882 0127 05        		.uleb128 0x5
 883 0128 02        		.byte	0x2
 884 0129 0000 0000 		.long	.Letext0
 885 012d 00        		.byte	0x0
 886 012e 01        		.uleb128 0x1
 887 012f 01        		.byte	0x1
 888               	.LELT0:
 889 0130 1600 0000 		.section	.debug_str,"MS",@progbits,1
 889      0200 1000 
 889      0000 0101 
 889      FB0E 0A00 
 889      0101 0101 
 890               	.LASF10:
GAS LISTING C:\Users\longc\AppData\Local\Temp/cczSFB74.s 			page 17


 891 0000 7370 6565 		.string	"speedRight"
 891      6452 6967 
 891      6874 00
 892               	.LASF15:
 893 000b 433A 5C55 		.string	"C:\\Users\\longc\\OneDrive\\Desktop\\sose18\\src"
 893      7365 7273 
 893      5C6C 6F6E 
 893      6763 5C4F 
 893      6E65 4472 
 894               	.LASF9:
 895 0036 7370 6565 		.string	"speedLeft"
 895      644C 6566 
 895      7400 
 896               	.LASF6:
 897 0040 6C6F 6E67 		.string	"long long unsigned int"
 897      206C 6F6E 
 897      6720 756E 
 897      7369 676E 
 897      6564 2069 
 898               	.LASF1:
 899 0057 756E 7369 		.string	"unsigned char"
 899      676E 6564 
 899      2063 6861 
 899      7200 
 900               	.LASF4:
 901 0065 6C6F 6E67 		.string	"long unsigned int"
 901      2075 6E73 
 901      6967 6E65 
 901      6420 696E 
 901      7400 
 902               	.LASF16:
 903 0077 4C69 6E65 		.string	"LineDemo"
 903      4465 6D6F 
 903      00
 904               	.LASF13:
 905 0080 474E 5520 		.string	"GNU C 4.3.3"
 905      4320 342E 
 905      332E 3300 
 906               	.LASF8:
 907 008c 4C69 6E65 		.string	"LineRight"
 907      5269 6768 
 907      7400 
 908               	.LASF2:
 909 0096 756E 7369 		.string	"unsigned int"
 909      676E 6564 
 909      2069 6E74 
 909      00
 910               	.LASF14:
 911 00a3 4C69 6E65 		.string	"LineDemo.c"
 911      4465 6D6F 
 911      2E63 00
 912               	.LASF7:
 913 00ae 4C69 6E65 		.string	"LineLeft"
 913      4C65 6674 
 913      00
 914               	.LASF5:
 915 00b7 6C6F 6E67 		.string	"long long int"
GAS LISTING C:\Users\longc\AppData\Local\Temp/cczSFB74.s 			page 18


 915      206C 6F6E 
 915      6720 696E 
 915      7400 
 916               	.LASF11:
 917 00c5 6C69 6E65 		.string	"lineData"
 917      4461 7461 
 917      00
 918               	.LASF3:
 919 00ce 6C6F 6E67 		.string	"long int"
 919      2069 6E74 
 919      00
 920               	.LASF12:
 921 00d7 4144 4F66 		.string	"ADOffset"
 921      6673 6574 
 921      00
 922               	.LASF0:
 923 00e0 7369 676E 		.string	"signed char"
 923      6564 2063 
 923      6861 7200 
 924               	.global __do_copy_data
 925               	.global __do_clear_bss
GAS LISTING C:\Users\longc\AppData\Local\Temp/cczSFB74.s 			page 19


DEFINED SYMBOLS
                            *ABS*:00000000 LineDemo.c
C:\Users\longc\AppData\Local\Temp/cczSFB74.s:2      *ABS*:0000003f __SREG__
C:\Users\longc\AppData\Local\Temp/cczSFB74.s:3      *ABS*:0000003e __SP_H__
C:\Users\longc\AppData\Local\Temp/cczSFB74.s:4      *ABS*:0000003d __SP_L__
C:\Users\longc\AppData\Local\Temp/cczSFB74.s:5      *ABS*:00000034 __CCP__
C:\Users\longc\AppData\Local\Temp/cczSFB74.s:6      *ABS*:00000000 __tmp_reg__
C:\Users\longc\AppData\Local\Temp/cczSFB74.s:7      *ABS*:00000001 __zero_reg__
C:\Users\longc\AppData\Local\Temp/cczSFB74.s:18     .text:00000000 LineLeft
                            *COM*:00000002 speedLeft
C:\Users\longc\AppData\Local\Temp/cczSFB74.s:43     .text:00000026 LineRight
                            *COM*:00000002 speedRight
C:\Users\longc\AppData\Local\Temp/cczSFB74.s:72     .text:0000004c LineDemo
                            *COM*:00000004 lineData
                            *COM*:00000002 ADOffset

UNDEFINED SYMBOLS
Init
SerPrint
FrontLED
LineData
StatusLED
MotorSpeed
PollSwitch
__do_copy_data
__do_clear_bss
