GAS LISTING C:\Users\longc\AppData\Local\Temp/ccKhpc8k.s 			page 1


   1               		.file	"RechteckDemo.c"
   2               	__SREG__ = 0x3f
   3               	__SP_H__ = 0x3e
   4               	__SP_L__ = 0x3d
   5               	__CCP__  = 0x34
   6               	__tmp_reg__ = 0
   7               	__zero_reg__ = 1
   8               		.section	.debug_abbrev,"",@progbits
   9               	.Ldebug_abbrev0:
  10               		.section	.debug_info,"",@progbits
  11               	.Ldebug_info0:
  12               		.section	.debug_line,"",@progbits
  13               	.Ldebug_line0:
  14               		.text
  15               	.Ltext0:
  16               		.data
  17               	.LC0:
  18 0000 5265 6368 		.string	"RechteckDemo\r\n"
  18      7465 636B 
  18      4465 6D6F 
  18      0D0A 00
  19               		.text
  20               	.global	RechteckDemo
  21               		.type	RechteckDemo, @function
  22               	RechteckDemo:
  23               	.LFB2:
  24               	.LM1:
  25 0000 CF93      		push r28
  26 0002 DF93      		push r29
  27               	/* prologue: function */
  28               	/* frame size = 0 */
  29               	.LM2:
  30 0004 00D0      		rcall Init
  31               	.LM3:
  32 0006 00D0      		rcall EncoderInit
  33               	.LM4:
  34 0008 80E0      		ldi r24,lo8(.LC0)
  35 000a 90E0      		ldi r25,hi8(.LC0)
  36 000c 00D0      		rcall SerPrint
  37 000e C0E0      		ldi r28,lo8(0)
  38 0010 D0E0      		ldi r29,hi8(0)
  39               	.LVL0:
  40               	.L2:
  41               	.LM5:
  42 0012 88EC      		ldi r24,lo8(200)
  43 0014 90E0      		ldi r25,hi8(200)
  44 0016 60E0      		ldi r22,lo8(0)
  45 0018 70E0      		ldi r23,hi8(0)
  46 001a 48EC      		ldi r20,lo8(200)
  47 001c 50E0      		ldi r21,hi8(200)
  48 001e 00D0      		rcall GoTurn
  49               	.LM6:
  50 0020 80E0      		ldi r24,lo8(0)
  51 0022 90E0      		ldi r25,hi8(0)
  52 0024 6AE5      		ldi r22,lo8(90)
  53 0026 70E0      		ldi r23,hi8(90)
  54 0028 48EC      		ldi r20,lo8(200)
GAS LISTING C:\Users\longc\AppData\Local\Temp/ccKhpc8k.s 			page 2


  55 002a 50E0      		ldi r21,hi8(200)
  56 002c 00D0      		rcall GoTurn
  57               	.LM7:
  58 002e 2196      		adiw r28,1
  59 0030 C430      		cpi r28,4
  60 0032 D105      		cpc r29,__zero_reg__
  61 0034 01F4      		brne .L2
  62               	/* epilogue start */
  63               	.LM8:
  64 0036 DF91      		pop r29
  65 0038 CF91      		pop r28
  66               	.LVL1:
  67 003a 0895      		ret
  68               	.LFE2:
  69               		.size	RechteckDemo, .-RechteckDemo
  70               		.section	.debug_frame,"",@progbits
  71               	.Lframe0:
  72 0000 0C00 0000 		.long	.LECIE0-.LSCIE0
  73               	.LSCIE0:
  74 0004 FFFF FFFF 		.long	0xffffffff
  75 0008 01        		.byte	0x1
  76 0009 00        		.string	""
  77 000a 01        		.uleb128 0x1
  78 000b 7F        		.sleb128 -1
  79 000c 24        		.byte	0x24
  80 000d 0C        		.byte	0xc
  81 000e 20        		.uleb128 0x20
  82 000f 00        		.uleb128 0x0
  83               		.p2align	2
  84               	.LECIE0:
  85               	.LSFDE0:
  86 0010 0C00 0000 		.long	.LEFDE0-.LASFDE0
  87               	.LASFDE0:
  88 0014 0000 0000 		.long	.Lframe0
  89 0018 0000 0000 		.long	.LFB2
  90 001c 3C00 0000 		.long	.LFE2-.LFB2
  91               		.p2align	2
  92               	.LEFDE0:
  93               		.text
  94               	.Letext0:
  95               		.section	.debug_loc,"",@progbits
  96               	.Ldebug_loc0:
  97               	.LLST1:
  98 0000 1200 0000 		.long	.LVL0-.Ltext0
  99 0004 3A00 0000 		.long	.LVL1-.Ltext0
 100 0008 0600      		.word	0x6
 101 000a 6C        		.byte	0x6c
 102 000b 93        		.byte	0x93
 103 000c 01        		.uleb128 0x1
 104 000d 6D        		.byte	0x6d
 105 000e 93        		.byte	0x93
 106 000f 01        		.uleb128 0x1
 107 0010 0000 0000 		.long	0x0
 108 0014 0000 0000 		.long	0x0
 109               		.section	.debug_info
 110 0000 7C00 0000 		.long	0x7c
 111 0004 0200      		.word	0x2
GAS LISTING C:\Users\longc\AppData\Local\Temp/ccKhpc8k.s 			page 3


 112 0006 0000 0000 		.long	.Ldebug_abbrev0
 113 000a 04        		.byte	0x4
 114 000b 01        		.uleb128 0x1
 115 000c 0000 0000 		.long	.LASF7
 116 0010 01        		.byte	0x1
 117 0011 0000 0000 		.long	.LASF8
 118 0015 0000 0000 		.long	.LASF9
 119 0019 0000 0000 		.long	.Ltext0
 120 001d 0000 0000 		.long	.Letext0
 121 0021 0000 0000 		.long	.Ldebug_line0
 122 0025 02        		.uleb128 0x2
 123 0026 01        		.byte	0x1
 124 0027 06        		.byte	0x6
 125 0028 0000 0000 		.long	.LASF0
 126 002c 02        		.uleb128 0x2
 127 002d 01        		.byte	0x1
 128 002e 08        		.byte	0x8
 129 002f 0000 0000 		.long	.LASF1
 130 0033 03        		.uleb128 0x3
 131 0034 02        		.byte	0x2
 132 0035 05        		.byte	0x5
 133 0036 696E 7400 		.string	"int"
 134 003a 02        		.uleb128 0x2
 135 003b 02        		.byte	0x2
 136 003c 07        		.byte	0x7
 137 003d 0000 0000 		.long	.LASF2
 138 0041 02        		.uleb128 0x2
 139 0042 04        		.byte	0x4
 140 0043 05        		.byte	0x5
 141 0044 0000 0000 		.long	.LASF3
 142 0048 02        		.uleb128 0x2
 143 0049 04        		.byte	0x4
 144 004a 07        		.byte	0x7
 145 004b 0000 0000 		.long	.LASF4
 146 004f 02        		.uleb128 0x2
 147 0050 08        		.byte	0x8
 148 0051 05        		.byte	0x5
 149 0052 0000 0000 		.long	.LASF5
 150 0056 02        		.uleb128 0x2
 151 0057 08        		.byte	0x8
 152 0058 07        		.byte	0x7
 153 0059 0000 0000 		.long	.LASF6
 154 005d 04        		.uleb128 0x4
 155 005e 01        		.byte	0x1
 156 005f 0000 0000 		.long	.LASF10
 157 0063 01        		.byte	0x1
 158 0064 60        		.byte	0x60
 159 0065 01        		.byte	0x1
 160 0066 0000 0000 		.long	.LFB2
 161 006a 0000 0000 		.long	.LFE2
 162 006e 02        		.byte	0x2
 163 006f 90        		.byte	0x90
 164 0070 20        		.uleb128 0x20
 165 0071 05        		.uleb128 0x5
 166 0072 6900      		.string	"i"
 167 0074 01        		.byte	0x1
 168 0075 61        		.byte	0x61
GAS LISTING C:\Users\longc\AppData\Local\Temp/ccKhpc8k.s 			page 4


 169 0076 3300 0000 		.long	0x33
 170 007a 0000 0000 		.long	.LLST1
 171 007e 00        		.byte	0x0
 172 007f 00        		.byte	0x0
 173               		.section	.debug_abbrev
 174 0000 01        		.uleb128 0x1
 175 0001 11        		.uleb128 0x11
 176 0002 01        		.byte	0x1
 177 0003 25        		.uleb128 0x25
 178 0004 0E        		.uleb128 0xe
 179 0005 13        		.uleb128 0x13
 180 0006 0B        		.uleb128 0xb
 181 0007 03        		.uleb128 0x3
 182 0008 0E        		.uleb128 0xe
 183 0009 1B        		.uleb128 0x1b
 184 000a 0E        		.uleb128 0xe
 185 000b 11        		.uleb128 0x11
 186 000c 01        		.uleb128 0x1
 187 000d 12        		.uleb128 0x12
 188 000e 01        		.uleb128 0x1
 189 000f 10        		.uleb128 0x10
 190 0010 06        		.uleb128 0x6
 191 0011 00        		.byte	0x0
 192 0012 00        		.byte	0x0
 193 0013 02        		.uleb128 0x2
 194 0014 24        		.uleb128 0x24
 195 0015 00        		.byte	0x0
 196 0016 0B        		.uleb128 0xb
 197 0017 0B        		.uleb128 0xb
 198 0018 3E        		.uleb128 0x3e
 199 0019 0B        		.uleb128 0xb
 200 001a 03        		.uleb128 0x3
 201 001b 0E        		.uleb128 0xe
 202 001c 00        		.byte	0x0
 203 001d 00        		.byte	0x0
 204 001e 03        		.uleb128 0x3
 205 001f 24        		.uleb128 0x24
 206 0020 00        		.byte	0x0
 207 0021 0B        		.uleb128 0xb
 208 0022 0B        		.uleb128 0xb
 209 0023 3E        		.uleb128 0x3e
 210 0024 0B        		.uleb128 0xb
 211 0025 03        		.uleb128 0x3
 212 0026 08        		.uleb128 0x8
 213 0027 00        		.byte	0x0
 214 0028 00        		.byte	0x0
 215 0029 04        		.uleb128 0x4
 216 002a 2E        		.uleb128 0x2e
 217 002b 01        		.byte	0x1
 218 002c 3F        		.uleb128 0x3f
 219 002d 0C        		.uleb128 0xc
 220 002e 03        		.uleb128 0x3
 221 002f 0E        		.uleb128 0xe
 222 0030 3A        		.uleb128 0x3a
 223 0031 0B        		.uleb128 0xb
 224 0032 3B        		.uleb128 0x3b
 225 0033 0B        		.uleb128 0xb
GAS LISTING C:\Users\longc\AppData\Local\Temp/ccKhpc8k.s 			page 5


 226 0034 27        		.uleb128 0x27
 227 0035 0C        		.uleb128 0xc
 228 0036 11        		.uleb128 0x11
 229 0037 01        		.uleb128 0x1
 230 0038 12        		.uleb128 0x12
 231 0039 01        		.uleb128 0x1
 232 003a 40        		.uleb128 0x40
 233 003b 0A        		.uleb128 0xa
 234 003c 00        		.byte	0x0
 235 003d 00        		.byte	0x0
 236 003e 05        		.uleb128 0x5
 237 003f 34        		.uleb128 0x34
 238 0040 00        		.byte	0x0
 239 0041 03        		.uleb128 0x3
 240 0042 08        		.uleb128 0x8
 241 0043 3A        		.uleb128 0x3a
 242 0044 0B        		.uleb128 0xb
 243 0045 3B        		.uleb128 0x3b
 244 0046 0B        		.uleb128 0xb
 245 0047 49        		.uleb128 0x49
 246 0048 13        		.uleb128 0x13
 247 0049 02        		.uleb128 0x2
 248 004a 06        		.uleb128 0x6
 249 004b 00        		.byte	0x0
 250 004c 00        		.byte	0x0
 251 004d 00        		.byte	0x0
 252               		.section	.debug_pubnames,"",@progbits
 253 0000 1F00 0000 		.long	0x1f
 254 0004 0200      		.word	0x2
 255 0006 0000 0000 		.long	.Ldebug_info0
 256 000a 8000 0000 		.long	0x80
 257 000e 5D00 0000 		.long	0x5d
 258 0012 5265 6368 		.string	"RechteckDemo"
 258      7465 636B 
 258      4465 6D6F 
 258      00
 259 001f 0000 0000 		.long	0x0
 260               		.section	.debug_aranges,"",@progbits
 261 0000 1C00 0000 		.long	0x1c
 262 0004 0200      		.word	0x2
 263 0006 0000 0000 		.long	.Ldebug_info0
 264 000a 04        		.byte	0x4
 265 000b 00        		.byte	0x0
 266 000c 0000      		.word	0x0
 267 000e 0000      		.word	0x0
 268 0010 0000 0000 		.long	.Ltext0
 269 0014 3C00 0000 		.long	.Letext0-.Ltext0
 270 0018 0000 0000 		.long	0x0
 271 001c 0000 0000 		.long	0x0
 272               		.section	.debug_line
 273 0000 7200 0000 		.long	.LELT0-.LSLT0
 274               	.LSLT0:
 275 0004 0200      		.word	0x2
 276 0006 2200 0000 		.long	.LELTP0-.LASLTP0
 277               	.LASLTP0:
 278 000a 01        		.byte	0x1
 279 000b 01        		.byte	0x1
GAS LISTING C:\Users\longc\AppData\Local\Temp/ccKhpc8k.s 			page 6


 280 000c F6        		.byte	0xf6
 281 000d F5        		.byte	0xf5
 282 000e 0A        		.byte	0xa
 283 000f 00        		.byte	0x0
 284 0010 01        		.byte	0x1
 285 0011 01        		.byte	0x1
 286 0012 01        		.byte	0x1
 287 0013 01        		.byte	0x1
 288 0014 00        		.byte	0x0
 289 0015 00        		.byte	0x0
 290 0016 00        		.byte	0x0
 291 0017 01        		.byte	0x1
 292 0018 00        		.byte	0x0
 293 0019 5265 6368 		.string	"RechteckDemo.c"
 293      7465 636B 
 293      4465 6D6F 
 293      2E63 00
 294 0028 00        		.uleb128 0x0
 295 0029 00        		.uleb128 0x0
 296 002a 00        		.uleb128 0x0
 297 002b 00        		.byte	0x0
 298               	.LELTP0:
 299 002c 00        		.byte	0x0
 300 002d 05        		.uleb128 0x5
 301 002e 02        		.byte	0x2
 302 002f 0000 0000 		.long	.LM1
 303 0033 73        		.byte	0x73
 304 0034 00        		.byte	0x0
 305 0035 05        		.uleb128 0x5
 306 0036 02        		.byte	0x2
 307 0037 0000 0000 		.long	.LM2
 308 003b 17        		.byte	0x17
 309 003c 00        		.byte	0x0
 310 003d 05        		.uleb128 0x5
 311 003e 02        		.byte	0x2
 312 003f 0000 0000 		.long	.LM3
 313 0043 15        		.byte	0x15
 314 0044 00        		.byte	0x0
 315 0045 05        		.uleb128 0x5
 316 0046 02        		.byte	0x2
 317 0047 0000 0000 		.long	.LM4
 318 004b 16        		.byte	0x16
 319 004c 00        		.byte	0x0
 320 004d 05        		.uleb128 0x5
 321 004e 02        		.byte	0x2
 322 004f 0000 0000 		.long	.LM5
 323 0053 17        		.byte	0x17
 324 0054 00        		.byte	0x0
 325 0055 05        		.uleb128 0x5
 326 0056 02        		.byte	0x2
 327 0057 0000 0000 		.long	.LM6
 328 005b 15        		.byte	0x15
 329 005c 00        		.byte	0x0
 330 005d 05        		.uleb128 0x5
 331 005e 02        		.byte	0x2
 332 005f 0000 0000 		.long	.LM7
 333 0063 11        		.byte	0x11
GAS LISTING C:\Users\longc\AppData\Local\Temp/ccKhpc8k.s 			page 7


 334 0064 00        		.byte	0x0
 335 0065 05        		.uleb128 0x5
 336 0066 02        		.byte	0x2
 337 0067 0000 0000 		.long	.LM8
 338 006b 1A        		.byte	0x1a
 339 006c 00        		.byte	0x0
 340 006d 05        		.uleb128 0x5
 341 006e 02        		.byte	0x2
 342 006f 0000 0000 		.long	.Letext0
 343 0073 00        		.byte	0x0
 344 0074 01        		.uleb128 0x1
 345 0075 01        		.byte	0x1
 346               	.LELT0:
 347 0076 1600 0000 		.section	.debug_str,"MS",@progbits,1
 347      0200 1000 
 347      0000 0101 
 347      FB0E 0A00 
 347      0101 0101 
 348               	.LASF2:
 349 0000 756E 7369 		.string	"unsigned int"
 349      676E 6564 
 349      2069 6E74 
 349      00
 350               	.LASF4:
 351 000d 6C6F 6E67 		.string	"long unsigned int"
 351      2075 6E73 
 351      6967 6E65 
 351      6420 696E 
 351      7400 
 352               	.LASF10:
 353 001f 5265 6368 		.string	"RechteckDemo"
 353      7465 636B 
 353      4465 6D6F 
 353      00
 354               	.LASF8:
 355 002c 5265 6368 		.string	"RechteckDemo.c"
 355      7465 636B 
 355      4465 6D6F 
 355      2E63 00
 356               	.LASF0:
 357 003b 7369 676E 		.string	"signed char"
 357      6564 2063 
 357      6861 7200 
 358               	.LASF6:
 359 0047 6C6F 6E67 		.string	"long long unsigned int"
 359      206C 6F6E 
 359      6720 756E 
 359      7369 676E 
 359      6564 2069 
 360               	.LASF1:
 361 005e 756E 7369 		.string	"unsigned char"
 361      676E 6564 
 361      2063 6861 
 361      7200 
 362               	.LASF3:
 363 006c 6C6F 6E67 		.string	"long int"
 363      2069 6E74 
GAS LISTING C:\Users\longc\AppData\Local\Temp/ccKhpc8k.s 			page 8


 363      00
 364               	.LASF9:
 365 0075 433A 5C55 		.string	"C:\\Users\\longc\\OneDrive\\Desktop\\sose18\\src"
 365      7365 7273 
 365      5C6C 6F6E 
 365      6763 5C4F 
 365      6E65 4472 
 366               	.LASF7:
 367 00a0 474E 5520 		.string	"GNU C 4.3.3"
 367      4320 342E 
 367      332E 3300 
 368               	.LASF5:
 369 00ac 6C6F 6E67 		.string	"long long int"
 369      206C 6F6E 
 369      6720 696E 
 369      7400 
 370               	.global __do_copy_data
GAS LISTING C:\Users\longc\AppData\Local\Temp/ccKhpc8k.s 			page 9


DEFINED SYMBOLS
                            *ABS*:00000000 RechteckDemo.c
C:\Users\longc\AppData\Local\Temp/ccKhpc8k.s:2      *ABS*:0000003f __SREG__
C:\Users\longc\AppData\Local\Temp/ccKhpc8k.s:3      *ABS*:0000003e __SP_H__
C:\Users\longc\AppData\Local\Temp/ccKhpc8k.s:4      *ABS*:0000003d __SP_L__
C:\Users\longc\AppData\Local\Temp/ccKhpc8k.s:5      *ABS*:00000034 __CCP__
C:\Users\longc\AppData\Local\Temp/ccKhpc8k.s:6      *ABS*:00000000 __tmp_reg__
C:\Users\longc\AppData\Local\Temp/ccKhpc8k.s:7      *ABS*:00000001 __zero_reg__
C:\Users\longc\AppData\Local\Temp/ccKhpc8k.s:22     .text:00000000 RechteckDemo

UNDEFINED SYMBOLS
Init
EncoderInit
SerPrint
GoTurn
__do_copy_data
